<?xml version="1.0" encoding="UTF-8"?>
<!-- Generated by org.testng.reporters.JUnitReportReporter -->
<testsuite skipped="0" hostname="qainfotech-Latitude-3490" name="selenium.TestHealenium" tests="1" failures="0" timestamp="2021-01-11T12:40:52 IST" time="11.708" errors="0">
  <testcase name="login" time="11.708" classname="selenium.TestHealenium"/>
  <system-out/>
</testsuite> <!-- selenium.TestHealenium -->
